2024-12-13T01:12:46.330+01:00  INFO 2400 --- [main] com.it.BookSmart.BookSmartApplication    : Starting BookSmartApplication using Java 17.0.13 with PID 2400 (C:\Users\Stefan\Desktop\Scheduler\server\target\classes started by Stefan in C:\Users\Stefan\Desktop\Scheduler\server)
2024-12-13T01:12:46.332+01:00 DEBUG 2400 --- [main] com.it.BookSmart.BookSmartApplication    : Running with Spring Boot v3.4.0, Spring v6.2.0
2024-12-13T01:12:46.332+01:00  INFO 2400 --- [main] com.it.BookSmart.BookSmartApplication    : No active profile set, falling back to 1 default profile: "default"
2024-12-13T01:12:47.590+01:00  INFO 2400 --- [main] .s.d.r.c.RepositoryConfigurationDelegate : Bootstrapping Spring Data JPA repositories in DEFAULT mode.
2024-12-13T01:12:47.671+01:00  INFO 2400 --- [main] .s.d.r.c.RepositoryConfigurationDelegate : Finished Spring Data repository scanning in 71 ms. Found 5 JPA repository interfaces.
2024-12-13T01:12:48.352+01:00  INFO 2400 --- [main] o.s.b.w.embedded.tomcat.TomcatWebServer  : Tomcat initialized with port 8080 (http)
2024-12-13T01:12:48.362+01:00  INFO 2400 --- [main] o.apache.catalina.core.StandardService   : Starting service [Tomcat]
2024-12-13T01:12:48.363+01:00  INFO 2400 --- [main] o.apache.catalina.core.StandardEngine    : Starting Servlet engine: [Apache Tomcat/10.1.33]
2024-12-13T01:12:48.409+01:00  INFO 2400 --- [main] o.a.c.c.C.[Tomcat].[localhost].[/]       : Initializing Spring embedded WebApplicationContext
2024-12-13T01:12:48.410+01:00  INFO 2400 --- [main] w.s.c.ServletWebServerApplicationContext : Root WebApplicationContext: initialization completed in 2031 ms
2024-12-13T01:12:48.514+01:00  INFO 2400 --- [main] com.zaxxer.hikari.HikariDataSource       : HikariPool-1 - Starting...
2024-12-13T01:12:48.800+01:00  INFO 2400 --- [main] com.zaxxer.hikari.pool.HikariPool        : HikariPool-1 - Added connection com.mysql.cj.jdbc.ConnectionImpl@740fefc6
2024-12-13T01:12:48.806+01:00  INFO 2400 --- [main] com.zaxxer.hikari.HikariDataSource       : HikariPool-1 - Start completed.
2024-12-13T01:12:48.880+01:00  INFO 2400 --- [main] o.hibernate.jpa.internal.util.LogHelper  : HHH000204: Processing PersistenceUnitInfo [name: default]
2024-12-13T01:12:48.944+01:00  INFO 2400 --- [main] org.hibernate.Version                    : HHH000412: Hibernate ORM core version 6.6.2.Final
2024-12-13T01:12:48.988+01:00  INFO 2400 --- [main] o.h.c.internal.RegionFactoryInitiator    : HHH000026: Second-level cache disabled
2024-12-13T01:12:49.287+01:00  INFO 2400 --- [main] o.s.o.j.p.SpringPersistenceUnitInfo      : No LoadTimeWeaver setup: ignoring JPA class transformer
2024-12-13T01:12:49.421+01:00  INFO 2400 --- [main] org.hibernate.orm.connections.pooling    : HHH10001005: Database info:
	Database JDBC URL [Connecting through datasource 'HikariDataSource (HikariPool-1)']
	Database driver: undefined/unknown
	Database version: 8.0.40
	Autocommit mode: undefined/unknown
	Isolation level: undefined/unknown
	Minimum pool size: undefined/unknown
	Maximum pool size: undefined/unknown
2024-12-13T01:12:50.199+01:00  INFO 2400 --- [main] o.h.e.t.j.p.i.JtaPlatformInitiator       : HHH000489: No JTA platform available (set 'hibernate.transaction.jta.platform' to enable JTA platform integration)
2024-12-13T01:12:50.321+01:00  INFO 2400 --- [main] j.LocalContainerEntityManagerFactoryBean : Initialized JPA EntityManagerFactory for persistence unit 'default'
2024-12-13T01:12:50.727+01:00  WARN 2400 --- [main] JpaBaseConfiguration$JpaWebConfiguration : spring.jpa.open-in-view is enabled by default. Therefore, database queries may be performed during view rendering. Explicitly configure spring.jpa.open-in-view to disable this warning
2024-12-13T01:12:50.746+01:00  WARN 2400 --- [main] .s.s.UserDetailsServiceAutoConfiguration : 

Using generated security password: 65cc5456-1612-45ce-9267-14d131869438

This generated password is for development use only. Your security configuration must be updated before running your application in production.

2024-12-13T01:12:50.753+01:00  INFO 2400 --- [main] r$InitializeUserDetailsManagerConfigurer : Global AuthenticationManager configured with UserDetailsService bean with name inMemoryUserDetailsManager
2024-12-13T01:12:51.266+01:00  INFO 2400 --- [main] o.s.b.w.embedded.tomcat.TomcatWebServer  : Tomcat started on port 8080 (http) with context path '/'
2024-12-13T01:12:51.279+01:00  INFO 2400 --- [main] com.it.BookSmart.BookSmartApplication    : Started BookSmartApplication in 5.35 seconds (process running for 6.406)
2024-12-13T01:12:55.869+01:00  INFO 2400 --- [http-nio-8080-exec-1] o.a.c.c.C.[Tomcat].[localhost].[/]       : Initializing Spring DispatcherServlet 'dispatcherServlet'
2024-12-13T01:12:55.869+01:00  INFO 2400 --- [http-nio-8080-exec-1] o.s.web.servlet.DispatcherServlet        : Initializing Servlet 'dispatcherServlet'
2024-12-13T01:12:55.869+01:00  INFO 2400 --- [http-nio-8080-exec-1] o.s.web.servlet.DispatcherServlet        : Completed initialization in 0 ms
2024-12-13T01:13:03.118+01:00  INFO 2400 --- [SpringApplicationShutdownHook] o.s.b.w.e.tomcat.GracefulShutdown        : Commencing graceful shutdown. Waiting for active requests to complete
2024-12-13T01:13:03.178+01:00  INFO 2400 --- [tomcat-shutdown] o.s.b.w.e.tomcat.GracefulShutdown        : Graceful shutdown complete
2024-12-13T01:13:03.181+01:00  INFO 2400 --- [SpringApplicationShutdownHook] j.LocalContainerEntityManagerFactoryBean : Closing JPA EntityManagerFactory for persistence unit 'default'
2024-12-13T01:13:03.185+01:00  INFO 2400 --- [SpringApplicationShutdownHook] com.zaxxer.hikari.HikariDataSource       : HikariPool-1 - Shutdown initiated...
2024-12-13T01:13:03.188+01:00  INFO 2400 --- [SpringApplicationShutdownHook] com.zaxxer.hikari.HikariDataSource       : HikariPool-1 - Shutdown completed.
2024-12-13T01:13:40.081+01:00  INFO 10972 --- [main] com.it.BookSmart.BookSmartApplication    : Starting BookSmartApplication using Java 17.0.13 with PID 10972 (C:\Users\Stefan\Desktop\Scheduler\server\target\classes started by Stefan in C:\Users\Stefan\Desktop\Scheduler\server)
2024-12-13T01:13:40.083+01:00 DEBUG 10972 --- [main] com.it.BookSmart.BookSmartApplication    : Running with Spring Boot v3.4.0, Spring v6.2.0
2024-12-13T01:13:40.084+01:00  INFO 10972 --- [main] com.it.BookSmart.BookSmartApplication    : No active profile set, falling back to 1 default profile: "default"
2024-12-13T01:13:40.775+01:00  INFO 10972 --- [main] .s.d.r.c.RepositoryConfigurationDelegate : Bootstrapping Spring Data JPA repositories in DEFAULT mode.
2024-12-13T01:13:40.851+01:00  INFO 10972 --- [main] .s.d.r.c.RepositoryConfigurationDelegate : Finished Spring Data repository scanning in 65 ms. Found 5 JPA repository interfaces.
2024-12-13T01:13:41.407+01:00  INFO 10972 --- [main] o.s.b.w.embedded.tomcat.TomcatWebServer  : Tomcat initialized with port 8080 (http)
2024-12-13T01:13:41.419+01:00  INFO 10972 --- [main] o.apache.catalina.core.StandardService   : Starting service [Tomcat]
2024-12-13T01:13:41.419+01:00  INFO 10972 --- [main] o.apache.catalina.core.StandardEngine    : Starting Servlet engine: [Apache Tomcat/10.1.33]
2024-12-13T01:13:41.467+01:00  INFO 10972 --- [main] o.a.c.c.C.[Tomcat].[localhost].[/]       : Initializing Spring embedded WebApplicationContext
2024-12-13T01:13:41.468+01:00  INFO 10972 --- [main] w.s.c.ServletWebServerApplicationContext : Root WebApplicationContext: initialization completed in 1332 ms
2024-12-13T01:13:41.558+01:00  INFO 10972 --- [main] com.zaxxer.hikari.HikariDataSource       : HikariPool-1 - Starting...
2024-12-13T01:13:41.718+01:00  INFO 10972 --- [main] com.zaxxer.hikari.pool.HikariPool        : HikariPool-1 - Added connection com.mysql.cj.jdbc.ConnectionImpl@515b9d4a
2024-12-13T01:13:41.720+01:00  INFO 10972 --- [main] com.zaxxer.hikari.HikariDataSource       : HikariPool-1 - Start completed.
2024-12-13T01:13:41.813+01:00  INFO 10972 --- [main] o.hibernate.jpa.internal.util.LogHelper  : HHH000204: Processing PersistenceUnitInfo [name: default]
2024-12-13T01:13:41.873+01:00  INFO 10972 --- [main] org.hibernate.Version                    : HHH000412: Hibernate ORM core version 6.6.2.Final
2024-12-13T01:13:41.906+01:00  INFO 10972 --- [main] o.h.c.internal.RegionFactoryInitiator    : HHH000026: Second-level cache disabled
2024-12-13T01:13:42.197+01:00  INFO 10972 --- [main] o.s.o.j.p.SpringPersistenceUnitInfo      : No LoadTimeWeaver setup: ignoring JPA class transformer
2024-12-13T01:13:42.323+01:00  INFO 10972 --- [main] org.hibernate.orm.connections.pooling    : HHH10001005: Database info:
	Database JDBC URL [Connecting through datasource 'HikariDataSource (HikariPool-1)']
	Database driver: undefined/unknown
	Database version: 8.0.40
	Autocommit mode: undefined/unknown
	Isolation level: undefined/unknown
	Minimum pool size: undefined/unknown
	Maximum pool size: undefined/unknown
2024-12-13T01:13:43.044+01:00  INFO 10972 --- [main] o.h.e.t.j.p.i.JtaPlatformInitiator       : HHH000489: No JTA platform available (set 'hibernate.transaction.jta.platform' to enable JTA platform integration)
2024-12-13T01:13:43.110+01:00  INFO 10972 --- [main] j.LocalContainerEntityManagerFactoryBean : Initialized JPA EntityManagerFactory for persistence unit 'default'
2024-12-13T01:13:43.468+01:00  WARN 10972 --- [main] JpaBaseConfiguration$JpaWebConfiguration : spring.jpa.open-in-view is enabled by default. Therefore, database queries may be performed during view rendering. Explicitly configure spring.jpa.open-in-view to disable this warning
2024-12-13T01:13:43.482+01:00  WARN 10972 --- [main] .s.s.UserDetailsServiceAutoConfiguration : 

Using generated security password: 95847d60-6fb1-4138-acaf-05d5d0607c68

This generated password is for development use only. Your security configuration must be updated before running your application in production.

2024-12-13T01:13:43.488+01:00  INFO 10972 --- [main] r$InitializeUserDetailsManagerConfigurer : Global AuthenticationManager configured with UserDetailsService bean with name inMemoryUserDetailsManager
2024-12-13T01:13:43.941+01:00  INFO 10972 --- [main] o.s.b.w.embedded.tomcat.TomcatWebServer  : Tomcat started on port 8080 (http) with context path '/'
2024-12-13T01:13:43.948+01:00  INFO 10972 --- [main] com.it.BookSmart.BookSmartApplication    : Started BookSmartApplication in 4.366 seconds (process running for 4.648)
2024-12-13T01:14:02.437+01:00  INFO 10972 --- [http-nio-8080-exec-1] o.a.c.c.C.[Tomcat].[localhost].[/]       : Initializing Spring DispatcherServlet 'dispatcherServlet'
2024-12-13T01:14:02.437+01:00  INFO 10972 --- [http-nio-8080-exec-1] o.s.web.servlet.DispatcherServlet        : Initializing Servlet 'dispatcherServlet'
2024-12-13T01:14:02.438+01:00  INFO 10972 --- [http-nio-8080-exec-1] o.s.web.servlet.DispatcherServlet        : Completed initialization in 1 ms
2024-12-13T01:57:38.411+01:00  INFO 10972 --- [SpringApplicationShutdownHook] o.s.b.w.e.tomcat.GracefulShutdown        : Commencing graceful shutdown. Waiting for active requests to complete
2024-12-13T01:57:38.505+01:00  INFO 10972 --- [tomcat-shutdown] o.s.b.w.e.tomcat.GracefulShutdown        : Graceful shutdown complete
2024-12-13T01:57:38.517+01:00  INFO 10972 --- [SpringApplicationShutdownHook] j.LocalContainerEntityManagerFactoryBean : Closing JPA EntityManagerFactory for persistence unit 'default'
2024-12-13T01:57:38.538+01:00  INFO 10972 --- [SpringApplicationShutdownHook] com.zaxxer.hikari.HikariDataSource       : HikariPool-1 - Shutdown initiated...
2024-12-13T01:57:38.543+01:00  INFO 10972 --- [SpringApplicationShutdownHook] com.zaxxer.hikari.HikariDataSource       : HikariPool-1 - Shutdown completed.
